<?xml version="1.0" encoding="UTF-8"?>
<!-- Generated by org.testng.reporters.JUnitReportReporter -->
<testsuite hostname="Samsung-PC" failures="0" tests="1" name="Day_001_Demo.TC02_GitHub_Chrome" time="10.011" errors="1" timestamp="2021-01-15T11:18:21 IST" skipped="0">
  <testcase classname="Day_001_Demo.TC02_GitHub_Chrome" name="login_test" time="10.011">
    <error message="session not created: This version of ChromeDriver only supports Chrome version 88
Current browser version is 87.0.4280.141 with binary path C:\Program Files\Google\Chrome\Application\chrome.exe
Build info: version: &#039;3.141.59&#039;, revision: &#039;e82be7d358&#039;, time: &#039;2018-11-14T08:17:03&#039;
System info: host: &#039;SAMSUNG-PC&#039;, ip: &#039;192.168.29.237&#039;, os.name: &#039;Windows 7&#039;, os.arch: &#039;amd64&#039;, os.version: &#039;6.1&#039;, java.version: &#039;11.0.2&#039;
Driver info: driver.version: ChromeDriver
remote stacktrace: Backtrace:
	GetHandleVerifier [0x00C08A43+483]
	GetHandleVerifier [0x00C08A21+449]
	GetHandleVerifier [0x00FB13C8+3836776]
	GetHandleVerifier [0x00FCB73A+3944154]
	GetHandleVerifier [0x00FC7B9A+3928890]
	GetHandleVerifier [0x00FC5E7C+3921436]
	GetHandleVerifier [0x00FEC89E+4079678]
	GetHandleVerifier [0x00FEC60C+4079020]
	GetHandleVerifier [0x00FE938B+4066091]
	GetHandleVerifier [0x00FCCDB4+3949908]
	GetHandleVerifier [0x00FCDC6E+3953678]
	GetHandleVerifier [0x00FCDBF9+3953561]
	Ordinal0 [0x00BD6A8C+92812]
	Ordinal0 [0x00BD0572+66930]
	Ordinal0 [0x00BD0142+65858]
	GetHandleVerifier [0x00ED47B8+2932568]
	GetHandleVerifier [0x00D112EE+1084046]
	GetHandleVerifier [0x00CC8B3D+787165]
	GetHandleVerifier [0x00CC855B+785659]
	GetHandleVerifier [0x00CC8471+785425]
	GetHandleVerifier [0x00CFB7B3+995155]
	BaseThreadInitThunk [0x76DB338A+18]
	RtlInitializeExceptionChain [0x77AA9A02+99]
	RtlInitializeExceptionChain [0x77AA99D5+54]
" type="org.openqa.selenium.SessionNotCreatedException">
      <![CDATA[org.openqa.selenium.SessionNotCreatedException: session not created: This version of ChromeDriver only supports Chrome version 88
Current browser version is 87.0.4280.141 with binary path C:\Program Files\Google\Chrome\Application\chrome.exe
Build info: version: '3.141.59', revision: 'e82be7d358', time: '2018-11-14T08:17:03'
System info: host: 'SAMSUNG-PC', ip: '192.168.29.237', os.name: 'Windows 7', os.arch: 'amd64', os.version: '6.1', java.version: '11.0.2'
Driver info: driver.version: ChromeDriver
remote stacktrace: Backtrace:
GetHandleVerifier [0x00C08A43+483]
GetHandleVerifier [0x00C08A21+449]
GetHandleVerifier [0x00FB13C8+3836776]
GetHandleVerifier [0x00FCB73A+3944154]
GetHandleVerifier [0x00FC7B9A+3928890]
GetHandleVerifier [0x00FC5E7C+3921436]
GetHandleVerifier [0x00FEC89E+4079678]
GetHandleVerifier [0x00FEC60C+4079020]
GetHandleVerifier [0x00FE938B+4066091]
GetHandleVerifier [0x00FCCDB4+3949908]
GetHandleVerifier [0x00FCDC6E+3953678]
GetHandleVerifier [0x00FCDBF9+3953561]
Ordinal0 [0x00BD6A8C+92812]
Ordinal0 [0x00BD0572+66930]
Ordinal0 [0x00BD0142+65858]
GetHandleVerifier [0x00ED47B8+2932568]
GetHandleVerifier [0x00D112EE+1084046]
GetHandleVerifier [0x00CC8B3D+787165]
GetHandleVerifier [0x00CC855B+785659]
GetHandleVerifier [0x00CC8471+785425]
GetHandleVerifier [0x00CFB7B3+995155]
BaseThreadInitThunk [0x76DB338A+18]
RtlInitializeExceptionChain [0x77AA9A02+99]
RtlInitializeExceptionChain [0x77AA99D5+54]

at java.base/jdk.internal.reflect.NativeConstructorAccessorImpl.newInstance0(Native Method)
at java.base/jdk.internal.reflect.NativeConstructorAccessorImpl.newInstance(NativeConstructorAccessorImpl.java:62)
at java.base/jdk.internal.reflect.DelegatingConstructorAccessorImpl.newInstance(DelegatingConstructorAccessorImpl.java:45)
at java.base/java.lang.reflect.Constructor.newInstance(Constructor.java:490)
at org.openqa.selenium.remote.W3CHandshakeResponse.lambda$errorHandler$0(W3CHandshakeResponse.java:62)
at org.openqa.selenium.remote.HandshakeResponse.lambda$getResponseFunction$0(HandshakeResponse.java:30)
at org.openqa.selenium.remote.ProtocolHandshake.lambda$createSession$0(ProtocolHandshake.java:126)
at java.base/java.util.stream.ReferencePipeline$3$1.accept(ReferencePipeline.java:195)
at java.base/java.util.Spliterators$ArraySpliterator.tryAdvance(Spliterators.java:958)
at java.base/java.util.stream.ReferencePipeline.forEachWithCancel(ReferencePipeline.java:127)
at java.base/java.util.stream.AbstractPipeline.copyIntoWithCancel(AbstractPipeline.java:502)
at java.base/java.util.stream.AbstractPipeline.copyInto(AbstractPipeline.java:488)
at java.base/java.util.stream.AbstractPipeline.wrapAndCopyInto(AbstractPipeline.java:474)
at java.base/java.util.stream.FindOps$FindOp.evaluateSequential(FindOps.java:150)
at java.base/java.util.stream.AbstractPipeline.evaluate(AbstractPipeline.java:234)
at java.base/java.util.stream.ReferencePipeline.findFirst(ReferencePipeline.java:543)
at org.openqa.selenium.remote.ProtocolHandshake.createSession(ProtocolHandshake.java:128)
at org.openqa.selenium.remote.ProtocolHandshake.createSession(ProtocolHandshake.java:74)
at org.openqa.selenium.remote.HttpCommandExecutor.execute(HttpCommandExecutor.java:136)
at org.openqa.selenium.remote.service.DriverCommandExecutor.execute(DriverCommandExecutor.java:83)
at org.openqa.selenium.remote.RemoteWebDriver.execute(RemoteWebDriver.java:552)
at org.openqa.selenium.remote.RemoteWebDriver.startSession(RemoteWebDriver.java:213)
at org.openqa.selenium.remote.RemoteWebDriver.<init>(RemoteWebDriver.java:131)
at org.openqa.selenium.chrome.ChromeDriver.<init>(ChromeDriver.java:181)
at org.openqa.selenium.chrome.ChromeDriver.<init>(ChromeDriver.java:168)
at org.openqa.selenium.chrome.ChromeDriver.<init>(ChromeDriver.java:123)
at Day_001_Demo.TC02_GitHub_Chrome.login_test(TC02_GitHub_Chrome.java:35)
at java.base/jdk.internal.reflect.NativeMethodAccessorImpl.invoke0(Native Method)
at java.base/jdk.internal.reflect.NativeMethodAccessorImpl.invoke(NativeMethodAccessorImpl.java:62)
at java.base/jdk.internal.reflect.DelegatingMethodAccessorImpl.invoke(DelegatingMethodAccessorImpl.java:43)
at java.base/java.lang.reflect.Method.invoke(Method.java:566)
at org.testng.internal.MethodInvocationHelper.invokeMethod(MethodInvocationHelper.java:132)
at org.testng.internal.TestInvoker.invokeMethod(TestInvoker.java:599)
at org.testng.internal.TestInvoker.invokeTestMethod(TestInvoker.java:174)
at org.testng.internal.MethodRunner.runInSequence(MethodRunner.java:46)
at org.testng.internal.TestInvoker$MethodInvocationAgent.invoke(TestInvoker.java:822)
at org.testng.internal.TestInvoker.invokeTestMethods(TestInvoker.java:147)
at org.testng.internal.TestMethodWorker.invokeTestMethods(TestMethodWorker.java:146)
at org.testng.internal.TestMethodWorker.run(TestMethodWorker.java:128)
at java.base/java.util.ArrayList.forEach(ArrayList.java:1540)
at org.testng.TestRunner.privateRun(TestRunner.java:764)
at org.testng.TestRunner.run(TestRunner.java:585)
at org.testng.SuiteRunner.runTest(SuiteRunner.java:384)
at org.testng.SuiteRunner.runSequentially(SuiteRunner.java:378)
at org.testng.SuiteRunner.privateRun(SuiteRunner.java:337)
at org.testng.SuiteRunner.run(SuiteRunner.java:286)
at org.testng.SuiteRunnerWorker.runSuite(SuiteRunnerWorker.java:53)
at org.testng.SuiteRunnerWorker.run(SuiteRunnerWorker.java:96)
at org.testng.TestNG.runSuitesSequentially(TestNG.java:1218)
at org.testng.TestNG.runSuitesLocally(TestNG.java:1140)
at org.testng.TestNG.runSuites(TestNG.java:1069)
at org.testng.TestNG.run(TestNG.java:1037)
at org.testng.remote.AbstractRemoteTestNG.run(AbstractRemoteTestNG.java:115)
at org.testng.remote.RemoteTestNG.initAndRun(RemoteTestNG.java:251)
at org.testng.remote.RemoteTestNG.main(RemoteTestNG.java:77)
]]>
    </error>
  </testcase> <!-- login_test -->
  <system-out/>
</testsuite> <!-- Day_001_Demo.TC02_GitHub_Chrome -->
